<html>
<head>
<title>TestNG:  Surefire test</title>
<link href="../testng.css" rel="stylesheet" type="text/css" />
<link href="../my-testng.css" rel="stylesheet" type="text/css" />

<style type="text/css">
.log { display: none;} 
.stack-trace { display: none;} 
</style>
<script type="text/javascript">
<!--
function flip(e) {
  current = e.style.display;
  if (current == 'block') {
    e.style.display = 'none';
    return 0;
  }
  else {
    e.style.display = 'block';
    return 1;
  }
}

function toggleBox(szDivId, elem, msg1, msg2)
{
  var res = -1;  if (document.getElementById) {
    res = flip(document.getElementById(szDivId));
  }
  else if (document.all) {
    // this is the way old msie versions work
    res = flip(document.all[szDivId]);
  }
  if(elem) {
    if(res == 0) elem.innerHTML = msg1; else elem.innerHTML = msg2;
  }

}

function toggleAllBoxes() {
  if (document.getElementsByTagName) {
    d = document.getElementsByTagName('div');
    for (i = 0; i < d.length; i++) {
      if (d[i].className == 'log') {
        flip(d[i]);
      }
    }
  }
}

// -->
</script>

</head>
<body>
<h2 align='center'>Surefire test</h2><table border='1' align="center">
<tr>
<td>Tests passed/Failed/Skipped:</td><td>7/1/0</td>
</tr><tr>
<td>Started on:</td><td>Wed Aug 14 21:49:06 MDT 2024</td>
</tr>
<tr><td>Total time:</td><td>94 seconds (94918 ms)</td>
</tr><tr>
<td>Included groups:</td><td></td>
</tr><tr>
<td>Excluded groups:</td><td></td>
</tr>
</table><p/>
<small><i>(Hover the method name to see the test class name)</i></small><p/>
<table width='100%' border='1' class='invocation-failed'>
<tr><td colspan='4' align='center'><b>FAILED CONFIGURATIONS</b></td></tr>
<tr><td><b>Test method</b></td>
<td><b>Attribute(s)</b></td>
<td width="30%"><b>Exception</b></td>
<td width="10%"><b>Time (seconds)</b></td>
<td><b>Instance</b></td>
</tr>
<tr>
<td title='com.sony.qa.testcases.LoginPageTest.tearDown()'><b>tearDown</b><br>Test class: com.sony.qa.testcases.LoginPageTest</td>
<td><div><pre>java.lang.NoClassDefFoundError: Could not initialize class java.util.logging.LogRecord
	at java.logging/java.util.logging.Logger.log(Logger.java:1116)
	at org.openqa.selenium.support.events.EventFiringDecorator.lambda$onError$2(EventFiringDecorator.java:207)
	at java.base/java.util.Arrays$ArrayList.forEach(Arrays.java:4204)
	at org.openqa.selenium.support.events.EventFiringDecorator.onError(EventFiringDecorator.java:202)
	at org.openqa.selenium.support.decorators.DefaultDecorated.onError(DefaultDecorated.java:59)
	at org.openqa.selenium.support.decorators.WebDriverDecorator.lambda$createProxy$2(WebDriverDecorator.java:341)
	at net.bytebuddy.renamed.java.lang.Object$ByteBuddy$1flYP3pk.quit(Unknown Source)
	at com.sony.qa.testcases.LoginPageTest.tearDown(LoginPageTest.java:48)
	at java.base/java.util.ArrayList.forEach(ArrayList.java:1511)
... Removed 37 stack frames</pre></div><a href='#' onClick='toggleBox("stack-trace1899433964", this, "Click to show all stack frames", "Click to hide stack frames")'>Click to show all stack frames</a>
<div class='stack-trace' id='stack-trace1899433964'><pre>java.lang.NoClassDefFoundError: Could not initialize class java.util.logging.LogRecord
	at java.logging/java.util.logging.Logger.log(Logger.java:1116)
	at org.openqa.selenium.support.events.EventFiringDecorator.lambda$onError$2(EventFiringDecorator.java:207)
	at java.base/java.util.Arrays$ArrayList.forEach(Arrays.java:4204)
	at org.openqa.selenium.support.events.EventFiringDecorator.onError(EventFiringDecorator.java:202)
	at org.openqa.selenium.support.decorators.DefaultDecorated.onError(DefaultDecorated.java:59)
	at org.openqa.selenium.support.decorators.WebDriverDecorator.lambda$createProxy$2(WebDriverDecorator.java:341)
	at net.bytebuddy.renamed.java.lang.Object$ByteBuddy$1flYP3pk.quit(Unknown Source)
	at com.sony.qa.testcases.LoginPageTest.tearDown(LoginPageTest.java:48)
	at java.base/jdk.internal.reflect.NativeMethodAccessorImpl.invoke0(Native Method)
	at java.base/jdk.internal.reflect.NativeMethodAccessorImpl.invoke(NativeMethodAccessorImpl.java:77)
	at java.base/jdk.internal.reflect.DelegatingMethodAccessorImpl.invoke(DelegatingMethodAccessorImpl.java:43)
	at java.base/java.lang.reflect.Method.invoke(Method.java:568)
	at org.testng.internal.invokers.MethodInvocationHelper.invokeMethod(MethodInvocationHelper.java:141)
	at org.testng.internal.invokers.MethodInvocationHelper.invokeMethodConsideringTimeout(MethodInvocationHelper.java:71)
	at org.testng.internal.invokers.ConfigInvoker.invokeConfigurationMethod(ConfigInvoker.java:400)
	at org.testng.internal.invokers.ConfigInvoker.invokeConfigurations(ConfigInvoker.java:333)
	at org.testng.internal.invokers.TestInvoker.runConfigMethods(TestInvoker.java:833)
	at org.testng.internal.invokers.TestInvoker.runAfterConfigurations(TestInvoker.java:802)
	at org.testng.internal.invokers.TestInvoker.invokeMethod(TestInvoker.java:778)
	at org.testng.internal.invokers.TestInvoker.invokeTestMethod(TestInvoker.java:230)
	at org.testng.internal.invokers.MethodRunner.runInSequence(MethodRunner.java:63)
	at org.testng.internal.invokers.TestInvoker$MethodInvocationAgent.invoke(TestInvoker.java:992)
	at org.testng.internal.invokers.TestInvoker.invokeTestMethods(TestInvoker.java:203)
	at org.testng.internal.invokers.TestMethodWorker.invokeTestMethods(TestMethodWorker.java:154)
	at org.testng.internal.invokers.TestMethodWorker.run(TestMethodWorker.java:134)
	at java.base/java.util.ArrayList.forEach(ArrayList.java:1511)
	at org.testng.TestRunner.privateRun(TestRunner.java:739)
	at org.testng.TestRunner.run(TestRunner.java:614)
	at org.testng.SuiteRunner.runTest(SuiteRunner.java:421)
	at org.testng.SuiteRunner.runSequentially(SuiteRunner.java:413)
	at org.testng.SuiteRunner.privateRun(SuiteRunner.java:373)
	at org.testng.SuiteRunner.run(SuiteRunner.java:312)
	at org.testng.SuiteRunnerWorker.runSuite(SuiteRunnerWorker.java:52)
	at org.testng.SuiteRunnerWorker.run(SuiteRunnerWorker.java:95)
	at org.testng.TestNG.runSuitesSequentially(TestNG.java:1274)
	at org.testng.TestNG.runSuitesLocally(TestNG.java:1208)
	at org.testng.TestNG.runSuites(TestNG.java:1112)
	at org.testng.TestNG.run(TestNG.java:1079)
	at org.apache.maven.surefire.testng.TestNGExecutor.run(TestNGExecutor.java:135)
	at org.apache.maven.surefire.testng.TestNGDirectoryTestSuite.executeMulti(TestNGDirectoryTestSuite.java:193)
	at org.apache.maven.surefire.testng.TestNGDirectoryTestSuite.execute(TestNGDirectoryTestSuite.java:94)
	at org.apache.maven.surefire.testng.TestNGProvider.invoke(TestNGProvider.java:146)
	at org.apache.maven.surefire.booter.ForkedBooter.invokeProviderInSameClassLoader(ForkedBooter.java:384)
	at org.apache.maven.surefire.booter.ForkedBooter.runSuitesInProcess(ForkedBooter.java:345)
	at org.apache.maven.surefire.booter.ForkedBooter.execute(ForkedBooter.java:126)
	at org.apache.maven.surefire.booter.ForkedBooter.main(ForkedBooter.java:418)
</pre></div></td>
<td>0</td>
<td>com.sony.qa.testcases.LoginPageTest@3d121db3</td></tr>
</table><p>
<table width='100%' border='1' class='invocation-failed'>
<tr><td colspan='4' align='center'><b>FAILED TESTS</b></td></tr>
<tr><td><b>Test method</b></td>
<td><b>Attribute(s)</b></td>
<td width="30%"><b>Exception</b></td>
<td width="10%"><b>Time (seconds)</b></td>
<td><b>Instance</b></td>
</tr>
<tr>
<td title='com.sony.qa.testcases.LoginPageTest.loginTestWrongCredentials()'><b>loginTestWrongCredentials</b><br>Test class: com.sony.qa.testcases.LoginPageTest</td>
<td><div><pre>java.lang.NoClassDefFoundError: Could not initialize class java.util.logging.LogRecord
	at java.logging/java.util.logging.Logger.log(Logger.java:1116)
	at org.openqa.selenium.support.events.EventFiringDecorator.lambda$onError$2(EventFiringDecorator.java:207)
	at java.base/java.util.Arrays$ArrayList.forEach(Arrays.java:4204)
	at org.openqa.selenium.support.events.EventFiringDecorator.onError(EventFiringDecorator.java:202)
	at org.openqa.selenium.support.decorators.DefaultDecorated.onError(DefaultDecorated.java:59)
	at org.openqa.selenium.support.decorators.WebDriverDecorator.lambda$createProxy$2(WebDriverDecorator.java:341)
	at net.bytebuddy.renamed.java.lang.Object$ByteBuddy$1flYP3pk.findElement(Unknown Source)
	at org.openqa.selenium.support.pagefactory.DefaultElementLocator.findElement(DefaultElementLocator.java:68)
	at org.openqa.selenium.support.pagefactory.internal.LocatingElementHandler.invoke(LocatingElementHandler.java:38)
	at jdk.proxy2/jdk.proxy2.$Proxy33.getText(Unknown Source)
	at com.sony.qa.pages.LoginPage.readInvalidLoginErr(LoginPage.java:55)
	at com.sony.qa.testcases.LoginPageTest.loginTestWrongCredentials(LoginPageTest.java:42)
	at java.base/java.util.ArrayList.forEach(ArrayList.java:1511)
... Removed 32 stack frames</pre></div><a href='#' onClick='toggleBox("stack-trace874548138", this, "Click to show all stack frames", "Click to hide stack frames")'>Click to show all stack frames</a>
<div class='stack-trace' id='stack-trace874548138'><pre>java.lang.NoClassDefFoundError: Could not initialize class java.util.logging.LogRecord
	at java.logging/java.util.logging.Logger.log(Logger.java:1116)
	at org.openqa.selenium.support.events.EventFiringDecorator.lambda$onError$2(EventFiringDecorator.java:207)
	at java.base/java.util.Arrays$ArrayList.forEach(Arrays.java:4204)
	at org.openqa.selenium.support.events.EventFiringDecorator.onError(EventFiringDecorator.java:202)
	at org.openqa.selenium.support.decorators.DefaultDecorated.onError(DefaultDecorated.java:59)
	at org.openqa.selenium.support.decorators.WebDriverDecorator.lambda$createProxy$2(WebDriverDecorator.java:341)
	at net.bytebuddy.renamed.java.lang.Object$ByteBuddy$1flYP3pk.findElement(Unknown Source)
	at org.openqa.selenium.support.pagefactory.DefaultElementLocator.findElement(DefaultElementLocator.java:68)
	at org.openqa.selenium.support.pagefactory.internal.LocatingElementHandler.invoke(LocatingElementHandler.java:38)
	at jdk.proxy2/jdk.proxy2.$Proxy33.getText(Unknown Source)
	at com.sony.qa.pages.LoginPage.readInvalidLoginErr(LoginPage.java:55)
	at com.sony.qa.testcases.LoginPageTest.loginTestWrongCredentials(LoginPageTest.java:42)
	at java.base/jdk.internal.reflect.NativeMethodAccessorImpl.invoke0(Native Method)
	at java.base/jdk.internal.reflect.NativeMethodAccessorImpl.invoke(NativeMethodAccessorImpl.java:77)
	at java.base/jdk.internal.reflect.DelegatingMethodAccessorImpl.invoke(DelegatingMethodAccessorImpl.java:43)
	at java.base/java.lang.reflect.Method.invoke(Method.java:568)
	at org.testng.internal.invokers.MethodInvocationHelper.invokeMethod(MethodInvocationHelper.java:141)
	at org.testng.internal.invokers.TestInvoker.invokeMethod(TestInvoker.java:686)
	at org.testng.internal.invokers.TestInvoker.invokeTestMethod(TestInvoker.java:230)
	at org.testng.internal.invokers.MethodRunner.runInSequence(MethodRunner.java:63)
	at org.testng.internal.invokers.TestInvoker$MethodInvocationAgent.invoke(TestInvoker.java:992)
	at org.testng.internal.invokers.TestInvoker.invokeTestMethods(TestInvoker.java:203)
	at org.testng.internal.invokers.TestMethodWorker.invokeTestMethods(TestMethodWorker.java:154)
	at org.testng.internal.invokers.TestMethodWorker.run(TestMethodWorker.java:134)
	at java.base/java.util.ArrayList.forEach(ArrayList.java:1511)
	at org.testng.TestRunner.privateRun(TestRunner.java:739)
	at org.testng.TestRunner.run(TestRunner.java:614)
	at org.testng.SuiteRunner.runTest(SuiteRunner.java:421)
	at org.testng.SuiteRunner.runSequentially(SuiteRunner.java:413)
	at org.testng.SuiteRunner.privateRun(SuiteRunner.java:373)
	at org.testng.SuiteRunner.run(SuiteRunner.java:312)
	at org.testng.SuiteRunnerWorker.runSuite(SuiteRunnerWorker.java:52)
	at org.testng.SuiteRunnerWorker.run(SuiteRunnerWorker.java:95)
	at org.testng.TestNG.runSuitesSequentially(TestNG.java:1274)
	at org.testng.TestNG.runSuitesLocally(TestNG.java:1208)
	at org.testng.TestNG.runSuites(TestNG.java:1112)
	at org.testng.TestNG.run(TestNG.java:1079)
	at org.apache.maven.surefire.testng.TestNGExecutor.run(TestNGExecutor.java:135)
	at org.apache.maven.surefire.testng.TestNGDirectoryTestSuite.executeMulti(TestNGDirectoryTestSuite.java:193)
	at org.apache.maven.surefire.testng.TestNGDirectoryTestSuite.execute(TestNGDirectoryTestSuite.java:94)
	at org.apache.maven.surefire.testng.TestNGProvider.invoke(TestNGProvider.java:146)
	at org.apache.maven.surefire.booter.ForkedBooter.invokeProviderInSameClassLoader(ForkedBooter.java:384)
	at org.apache.maven.surefire.booter.ForkedBooter.runSuitesInProcess(ForkedBooter.java:345)
	at org.apache.maven.surefire.booter.ForkedBooter.execute(ForkedBooter.java:126)
	at org.apache.maven.surefire.booter.ForkedBooter.main(ForkedBooter.java:418)
</pre></div></td>
<td>13</td>
<td>com.sony.qa.testcases.LoginPageTest@3d121db3</td></tr>
</table><p>
<table width='100%' border='1' class='invocation-passed'>
<tr><td colspan='4' align='center'><b>PASSED TESTS</b></td></tr>
<tr><td><b>Test method</b></td>
<td><b>Attribute(s)</b></td>
<td width="30%"><b>Exception</b></td>
<td width="10%"><b>Time (seconds)</b></td>
<td><b>Instance</b></td>
</tr>
<tr>
<td title='com.sony.qa.testcases.HomePageTest.numberOfSuggestionInSearchForHeadset()'><b>numberOfSuggestionInSearchForHeadset</b><br>Test class: com.sony.qa.testcases.HomePageTest</td>
<td></td>
<td>2</td>
<td>com.sony.qa.testcases.HomePageTest@69930714</td></tr>
<tr>
<td title='com.sony.qa.testcases.HomePageTest.verifyTotalElementInHeaderMenu()'><b>verifyTotalElementInHeaderMenu</b><br>Test class: com.sony.qa.testcases.HomePageTest</td>
<td></td>
<td>0</td>
<td>com.sony.qa.testcases.HomePageTest@69930714</td></tr>
<tr>
<td title='com.sony.qa.testcases.HomePageTest.totalNumberOfPaymentMethodAvailable()'><b>totalNumberOfPaymentMethodAvailable</b><br>Test class: com.sony.qa.testcases.HomePageTest</td>
<td></td>
<td>0</td>
<td>com.sony.qa.testcases.HomePageTest@69930714</td></tr>
<tr>
<td title='com.sony.qa.testcases.HomePageTest.isTheirAnySpecialOfferGoingOn()'><b>isTheirAnySpecialOfferGoingOn</b><br>Test class: com.sony.qa.testcases.HomePageTest</td>
<td></td>
<td>0</td>
<td>com.sony.qa.testcases.HomePageTest@69930714</td></tr>
<tr>
<td title='com.sony.qa.testcases.LoginPageTest.loginPageTitleTest()'><b>loginPageTitleTest</b><br>Test class: com.sony.qa.testcases.LoginPageTest</td>
<td></td>
<td>0</td>
<td>com.sony.qa.testcases.LoginPageTest@3d121db3</td></tr>
<tr>
<td title='com.sony.qa.testcases.HomePageTest.homePageTitleTest()'><b>homePageTitleTest</b><br>Test class: com.sony.qa.testcases.HomePageTest</td>
<td></td>
<td>0</td>
<td>com.sony.qa.testcases.HomePageTest@69930714</td></tr>
<tr>
<td title='com.sony.qa.testcases.HomePageTest.verifySpecialOfferDetails()'><b>verifySpecialOfferDetails</b><br>Test class: com.sony.qa.testcases.HomePageTest</td>
<td></td>
<td>0</td>
<td>com.sony.qa.testcases.HomePageTest@69930714</td></tr>
</table><p>
</body>
</html>