<?xml version="1.0" encoding="UTF-8"?>
<!-- Generated by org.testng.reporters.JUnitXMLReporter -->
<testsuite ignored="0" hostname="DESKTOP-T5P5K8D" failures="1" tests="8" name="Surefire test" time="94.918" errors="0" timestamp="2024-08-14T21:50:41 MDT">
  <testcase classname="com.sony.qa.testcases.LoginPageTest" name="@AfterMethod tearDown" time="0.83">
    <failure type="java.lang.NoClassDefFoundError" message="Could not initialize class java.util.logging.LogRecord">
      <![CDATA[java.lang.NoClassDefFoundError: Could not initialize class java.util.logging.LogRecord
at java.logging/java.util.logging.Logger.log(Logger.java:1116)
at org.openqa.selenium.support.events.EventFiringDecorator.lambda$onError$2(EventFiringDecorator.java:207)
at java.base/java.util.Arrays$ArrayList.forEach(Arrays.java:4204)
at org.openqa.selenium.support.events.EventFiringDecorator.onError(EventFiringDecorator.java:202)
at org.openqa.selenium.support.decorators.DefaultDecorated.onError(DefaultDecorated.java:59)
at org.openqa.selenium.support.decorators.WebDriverDecorator.lambda$createProxy$2(WebDriverDecorator.java:341)
at net.bytebuddy.renamed.java.lang.Object$ByteBuddy$1flYP3pk.quit(Unknown Source)
at com.sony.qa.testcases.LoginPageTest.tearDown(LoginPageTest.java:48)
at java.base/java.util.ArrayList.forEach(ArrayList.java:1511)
... Removed 37 stack frames]]>
    </failure>
  </testcase> <!-- @AfterMethod tearDown -->
  <testcase classname="com.sony.qa.testcases.HomePageTest" name="homePageTitleTest" time="0.019"/>
  <testcase classname="com.sony.qa.testcases.HomePageTest" name="verifyTotalElementInHeaderMenu" time="0.179"/>
  <testcase classname="com.sony.qa.testcases.HomePageTest" name="numberOfSuggestionInSearchForHeadset" time="2.465"/>
  <testcase classname="com.sony.qa.testcases.HomePageTest" name="totalNumberOfPaymentMethodAvailable" time="0.201"/>
  <testcase classname="com.sony.qa.testcases.HomePageTest" name="isTheirAnySpecialOfferGoingOn" time="0.094"/>
  <testcase classname="com.sony.qa.testcases.HomePageTest" name="verifySpecialOfferDetails" time="0.106"/>
  <testcase classname="com.sony.qa.testcases.LoginPageTest" name="loginPageTitleTest" time="0.027"/>
  <testcase classname="com.sony.qa.testcases.LoginPageTest" name="loginTestWrongCredentials" time="13.885">
    <failure type="java.lang.NoClassDefFoundError" message="Could not initialize class java.util.logging.LogRecord">
      <![CDATA[java.lang.NoClassDefFoundError: Could not initialize class java.util.logging.LogRecord
at java.logging/java.util.logging.Logger.log(Logger.java:1116)
at org.openqa.selenium.support.events.EventFiringDecorator.lambda$onError$2(EventFiringDecorator.java:207)
at java.base/java.util.Arrays$ArrayList.forEach(Arrays.java:4204)
at org.openqa.selenium.support.events.EventFiringDecorator.onError(EventFiringDecorator.java:202)
at org.openqa.selenium.support.decorators.DefaultDecorated.onError(DefaultDecorated.java:59)
at org.openqa.selenium.support.decorators.WebDriverDecorator.lambda$createProxy$2(WebDriverDecorator.java:341)
at net.bytebuddy.renamed.java.lang.Object$ByteBuddy$1flYP3pk.findElement(Unknown Source)
at org.openqa.selenium.support.pagefactory.DefaultElementLocator.findElement(DefaultElementLocator.java:68)
at org.openqa.selenium.support.pagefactory.internal.LocatingElementHandler.invoke(LocatingElementHandler.java:38)
at jdk.proxy2/jdk.proxy2.$Proxy33.getText(Unknown Source)
at com.sony.qa.pages.LoginPage.readInvalidLoginErr(LoginPage.java:55)
at com.sony.qa.testcases.LoginPageTest.loginTestWrongCredentials(LoginPageTest.java:42)
at java.base/java.util.ArrayList.forEach(ArrayList.java:1511)
... Removed 32 stack frames]]>
    </failure>
  </testcase> <!-- loginTestWrongCredentials -->
</testsuite> <!-- Surefire test -->
